c:\users\victo\source\repos\zorks\zorks\debug\vc142.pdb
c:\users\victo\source\repos\zorks\zorks\debug\vc142.idb
c:\users\victo\source\repos\zorks\zorks\debug\world.obj
c:\users\victo\source\repos\zorks\zorks\debug\weaponitem.obj
c:\users\victo\source\repos\zorks\zorks\debug\troll.obj
c:\users\victo\source\repos\zorks\zorks\debug\room.obj
c:\users\victo\source\repos\zorks\zorks\debug\puzzle.obj
c:\users\victo\source\repos\zorks\zorks\debug\player.obj
c:\users\victo\source\repos\zorks\zorks\debug\main.obj
c:\users\victo\source\repos\zorks\zorks\debug\keyitem.obj
c:\users\victo\source\repos\zorks\zorks\debug\item.obj
c:\users\victo\source\repos\zorks\zorks\debug\exit.obj
c:\users\victo\source\repos\zorks\zorks\debug\entity.obj
c:\users\victo\source\repos\zorks\zorks\debug\dracula.obj
c:\users\victo\source\repos\zorks\zorks\debug\creature.obj
c:\users\victo\source\repos\zorks\zorks\debug\container.obj
c:\users\victo\source\repos\zorks\zorks\debug\consumableitem.obj
c:\users\victo\source\repos\zorks\zorks\debug\zorks.ilk
c:\users\victo\source\repos\zorks\debug\zorks.exe
c:\users\victo\source\repos\zorks\debug\zorks.pdb
c:\users\victo\source\repos\zorks\zorks\debug\zorks.tlog\cl.command.1.tlog
c:\users\victo\source\repos\zorks\zorks\debug\zorks.tlog\cl.read.1.tlog
c:\users\victo\source\repos\zorks\zorks\debug\zorks.tlog\cl.write.1.tlog
c:\users\victo\source\repos\zorks\zorks\debug\zorks.tlog\link.command.1.tlog
c:\users\victo\source\repos\zorks\zorks\debug\zorks.tlog\link.read.1.tlog
c:\users\victo\source\repos\zorks\zorks\debug\zorks.tlog\link.write.1.tlog
